<?xml version='1.0' encoding='UTF-8' ?>
<testsuite name="com.example.group13zoosearch.MainActivityTest" tests="1" failures="1" errors="0" skipped="0" time="2.835" timestamp="2022-05-07T08:43:52" hostname="localhost">
  <properties>
    <property name="device" value="Pixel_2_API_30_2(AVD) - 11" />
    <property name="flavor" value="" />
    <property name="project" value="app" />
  </properties>
  <testcase name="mainActivityTest" classname="com.example.group13zoosearch.MainActivityTest" time="1.302">
    <failure>java.lang.IncompatibleClassChangeError: Class 'org.hamcrest.StringDescription' does not implement interface 'java.lang.Iterable' in call to 'java.util.Iterator java.lang.Iterable.iterator()' (declaration of 'org.hamcrest.BaseDescription' appears in /data/app/~~h-9J6gT901f0-b3hSNAjRA==/com.example.group13zoosearch.test-By7GVytrUxTZYt9dbSRA8Q==/base.apk)
at org.hamcrest.BaseDescription.appendValueList(BaseDescription.java:76)
at androidx.test.espresso.matcher.BoundedDiagnosingMatcher.describeTo(BoundedDiagnosingMatcher.java:4)
at org.hamcrest.BaseDescription.appendDescriptionOf(BaseDescription.java:24)
at org.hamcrest.BaseDescription.appendList(BaseDescription.java:94)
at org.hamcrest.BaseDescription.appendList(BaseDescription.java:85)
at org.hamcrest.core.AllOf.describeTo(AllOf.java:38)
at org.hamcrest.BaseDescription.appendDescriptionOf(BaseDescription.java:24)
at org.hamcrest.StringDescription.toString(StringDescription.java:28)
at org.hamcrest.BaseMatcher.toString(BaseMatcher.java:28)
at java.util.Formatter$FormatSpecifier.printString(Formatter.java:2978)
at java.util.Formatter$FormatSpecifier.print(Formatter.java:2855)
at java.util.Formatter.format(Formatter.java:2524)
at java.util.Formatter.format(Formatter.java:2459)
at java.lang.String.format(String.java:2911)
at androidx.test.espresso.ViewInteraction.doPerform(ViewInteraction.java:7)
at androidx.test.espresso.ViewInteraction.-$$Nest$mdoPerform(Unknown Source:0)
at androidx.test.espresso.ViewInteraction$1.call(ViewInteraction.java:5)
at androidx.test.espresso.ViewInteraction$1.call(ViewInteraction.java:1)
at java.util.concurrent.FutureTask.run(FutureTask.java:266)
at android.os.Handler.handleCallback(Handler.java:938)
at android.os.Handler.dispatchMessage(Handler.java:99)
at android.os.Looper.loop(Looper.java:223)
at android.app.ActivityThread.main(ActivityThread.java:7656)
at java.lang.reflect.Method.invoke(Native Method)
at com.android.internal.os.RuntimeInit$MethodAndArgsCaller.run(RuntimeInit.java:592)
at com.android.internal.os.ZygoteInit.main(ZygoteInit.java:947)</failure>
  </testcase>
</testsuite>